0 info it worked if it ends with ok
1 verbose cli [ '/usr/local/bin/node', '/usr/local/bin/npm', 'publish' ]
2 info using npm@1.1.63
3 info using node@v0.8.12
4 verbose publish [ '.' ]
5 verbose read json /Users/seanmcgary/Code/projects/NodeOAuth2/package.json
6 verbose cache add [ '.', null ]
7 silly cache add name=undefined spec="." args=[".",null]
8 verbose parsed url { pathname: '.', path: '.', href: '.' }
9 silly lockFile 3a52ce78- .
10 verbose lock . /Users/seanmcgary/.npm/3a52ce78-.lock
11 verbose read json package.json
12 verbose tar pack [ '/var/folders/br/zf7pst8158jgjrmxbbbx9c1m0000gn/T/npm-56993/1367196968198-0.8797606488224119/tmp.tgz',
12 verbose tar pack   '.' ]
13 verbose tarball /var/folders/br/zf7pst8158jgjrmxbbbx9c1m0000gn/T/npm-56993/1367196968198-0.8797606488224119/tmp.tgz
14 verbose folder .
15 info prepublish nodeoauth2@0.0.1
16 silly lockFile 9417ad9b-68198-0-8797606488224119-tmp-tgz /var/folders/br/zf7pst8158jgjrmxbbbx9c1m0000gn/T/npm-56993/1367196968198-0.8797606488224119/tmp.tgz
17 verbose lock /var/folders/br/zf7pst8158jgjrmxbbbx9c1m0000gn/T/npm-56993/1367196968198-0.8797606488224119/tmp.tgz /Users/seanmcgary/.npm/9417ad9b-68198-0-8797606488224119-tmp-tgz.lock
18 silly lockFile 9417ad9b-68198-0-8797606488224119-tmp-tgz /var/folders/br/zf7pst8158jgjrmxbbbx9c1m0000gn/T/npm-56993/1367196968198-0.8797606488224119/tmp.tgz
19 verbose tar unpack /var/folders/br/zf7pst8158jgjrmxbbbx9c1m0000gn/T/npm-56993/1367196968198-0.8797606488224119/tmp.tgz
20 silly lockFile 44046e92-68198-0-8797606488224119-package /var/folders/br/zf7pst8158jgjrmxbbbx9c1m0000gn/T/npm-56993/1367196968198-0.8797606488224119/package
21 verbose lock /var/folders/br/zf7pst8158jgjrmxbbbx9c1m0000gn/T/npm-56993/1367196968198-0.8797606488224119/package /Users/seanmcgary/.npm/44046e92-68198-0-8797606488224119-package.lock
22 silly gunzTarPerm modes [ '755', '644' ]
23 silly gunzTarPerm extractEntry package.json
24 silly gunzTarPerm extractEntry .npmignore
25 silly gunzTarPerm extractEntry index.js
26 silly gunzTarPerm extractEntry lib/NodeOAuth2.js
27 silly gunzTarPerm extractEntry README.mkdn
28 silly gunzTarPerm extractEntry test/testServer.js
29 verbose read json /var/folders/br/zf7pst8158jgjrmxbbbx9c1m0000gn/T/npm-56993/1367196968198-0.8797606488224119/package/package.json
30 silly lockFile 44046e92-68198-0-8797606488224119-package /var/folders/br/zf7pst8158jgjrmxbbbx9c1m0000gn/T/npm-56993/1367196968198-0.8797606488224119/package
31 verbose from cache /var/folders/br/zf7pst8158jgjrmxbbbx9c1m0000gn/T/npm-56993/1367196968198-0.8797606488224119/package/package.json
32 verbose tar pack [ '/Users/seanmcgary/.npm/nodeoauth2/0.0.1/package.tgz',
32 verbose tar pack   '/var/folders/br/zf7pst8158jgjrmxbbbx9c1m0000gn/T/npm-56993/1367196968198-0.8797606488224119/package' ]
33 verbose tarball /Users/seanmcgary/.npm/nodeoauth2/0.0.1/package.tgz
34 verbose folder /var/folders/br/zf7pst8158jgjrmxbbbx9c1m0000gn/T/npm-56993/1367196968198-0.8797606488224119/package
35 silly lockFile 4a946d66-npm-nodeoauth2-0-0-1-package-tgz /Users/seanmcgary/.npm/nodeoauth2/0.0.1/package.tgz
36 verbose lock /Users/seanmcgary/.npm/nodeoauth2/0.0.1/package.tgz /Users/seanmcgary/.npm/4a946d66-npm-nodeoauth2-0-0-1-package-tgz.lock
37 silly lockFile 4a946d66-npm-nodeoauth2-0-0-1-package-tgz /Users/seanmcgary/.npm/nodeoauth2/0.0.1/package.tgz
38 silly lockFile 1772570d-ary-npm-nodeoauth2-0-0-1-package /Users/seanmcgary/.npm/nodeoauth2/0.0.1/package
39 verbose lock /Users/seanmcgary/.npm/nodeoauth2/0.0.1/package /Users/seanmcgary/.npm/1772570d-ary-npm-nodeoauth2-0-0-1-package.lock
40 silly lockFile 1772570d-ary-npm-nodeoauth2-0-0-1-package /Users/seanmcgary/.npm/nodeoauth2/0.0.1/package
41 verbose tar unpack /Users/seanmcgary/.npm/nodeoauth2/0.0.1/package.tgz
42 silly lockFile 1772570d-ary-npm-nodeoauth2-0-0-1-package /Users/seanmcgary/.npm/nodeoauth2/0.0.1/package
43 verbose lock /Users/seanmcgary/.npm/nodeoauth2/0.0.1/package /Users/seanmcgary/.npm/1772570d-ary-npm-nodeoauth2-0-0-1-package.lock
44 silly gunzTarPerm modes [ '755', '644' ]
45 silly gunzTarPerm extractEntry package.json
46 silly gunzTarPerm extractEntry .npmignore
47 silly gunzTarPerm extractEntry index.js
48 silly gunzTarPerm extractEntry lib/NodeOAuth2.js
49 silly gunzTarPerm extractEntry README.mkdn
50 silly gunzTarPerm extractEntry test/testServer.js
51 verbose read json /Users/seanmcgary/.npm/nodeoauth2/0.0.1/package/package.json
52 silly lockFile 1772570d-ary-npm-nodeoauth2-0-0-1-package /Users/seanmcgary/.npm/nodeoauth2/0.0.1/package
53 silly shasum updated bytes 4470
54 info shasum 1b7ad3124849c203d06ae9fc5f76f1f2b5d469e4
54 info shasum /Users/seanmcgary/.npm/nodeoauth2/0.0.1/package.tgz
55 verbose from cache /Users/seanmcgary/.npm/nodeoauth2/0.0.1/package/package.json
56 verbose chmod /Users/seanmcgary/.npm/nodeoauth2/0.0.1/package.tgz 644
57 verbose chown /Users/seanmcgary/.npm/nodeoauth2/0.0.1/package.tgz [ 501, 20 ]
58 silly lockFile 3a52ce78- .
59 silly publish { name: 'nodeoauth2',
59 silly publish   preferGlobal: 'true',
59 silly publish   version: '0.0.1',
59 silly publish   author: { name: 'Sean McGary', email: 'sean@seanmcgary.com' },
59 silly publish   description: 'Facebook and Google auth module for NodeJS',
59 silly publish   contributors: [ { name: 'Sean McGary', email: 'sean@seanmcgary.com' } ],
59 silly publish   repository:
59 silly publish    { type: 'git',
59 silly publish      url: 'https://github.com/seanmcgary/NodeOAuth2.git' },
59 silly publish   keywords: [ 'facebook', 'google', 'oauth' ],
59 silly publish   dependencies:
59 silly publish    { underscore: '*',
59 silly publish      express: '*',
59 silly publish      redis: '*',
59 silly publish      'connect-redis': '*',
59 silly publish      hashlib2: '*' },
59 silly publish   license: 'MIT',
59 silly publish   engines: { node: '>=0.8' },
59 silly publish   readme: '# NodeOAuth2\n\nAuthentication for Facebook and Google using OAuth2. Authenticates the user and returns their access_token and basic user information.\n\n*NOTE*: Does not provide a session system to provide a drop-in authentication solution. Most other Facebook node modules do\nthis already; this library simply provides a way to authenticate. Session/account management is up to you to implement.\n\n## Dependencies\n\n- [underscore](https://github.com/documentcloud/underscore/)\n- [express](https://github.com/visionmedia/express)\n- [redis](https://github.com/mranney/node_redis/)\n- [connect-redis](https://github.com/visionmedia/connect-redis)\n- [hashlib2](https://github.com/karlseguin/hashlib)\n\n## Example\n\nNodeOAuth2 was written with the intention of being used with ExpressJS.\n\n### Initialization options\n\n```\n{\n\t// REQUIRED\n\tapp_id:\t\t\t\t\t\tYour facebook app secret\n\tapp_secret:\t\t\t\t\tYour facebook app secret\n\tapp: \t\t\t\t\t\tExpress app instance\n\tpermissions: \t\t\t\tComma seperated list of facebook permissions\n\tbase_url: \t\t\t\t\tBase URL of your site/app\n\t\n\t// OPTIONAL\n\tcallback_path:  \t\t\tThe path you want facebook to redirect to.\n\toauth_complete_redirect:\tCallback function OR a path (string) of where to redirect to\t\n\tauth_path: \t\t\t\t\tEntry point to start OAuth process. Defaults to /auth/facebook\n}\n\n```\n\n### Authentication Flow\n\n```\n- User visits /auth/facebook \n- Redirects to Facebook\n- User returns from facebook through /oauth/facebook\n- Process success or failure\n- Redirect to / or execute callback function\n```\n\n\n### Full example\n\n```\nvar express \t\t= require(\'express\'),\n\tapp \t\t\t= express(),\n\tnodeOAuth \t\t= require(\'NodeOAuth2\'),\n\tredis_store\t\t= require(\'connect-redis\')(express);\n\napp.configure(function(){\n\tapp.use(express.cookieParser(\'somesecretkey\'));\n\tapp.use(express.session({\n\t\t\tsecret: \'secretsessionkey\',\n\t\t\tstore: new redis_store({\n\t\t\t\thost: \'127.0.0.1\',\n\t\t\t\tport: \'6379\',\n\t\t\t\tdb: 1,\n\t\t\t\tprefix: \'_auth\'\n\t\t\t})\n\t\t}\n\t));\n});\n\nvar google_data = {\n\tapp_id\t\t\t:\'google-app-id\',\n\tapp_secret\t\t:\'google-app-secret\',\n\tbase_url \t\t:\'http://your-callback-url\',\n\tpermissions\t\t:\'list+of+scope+permissions\'\n};\n\nvar fb_data = {\n\tapp_id\t\t\t:\'facebook-app-id\',\n\tapp_secret\t\t:\'facebook-app-secret\',\n\tbase_url \t\t:\'http://your-callback-url\',\n\tpermissions\t\t:\'list,of,permissions\'\n};\n\n// ----------------------------------------------------\n// -- Create and initialize handler for Facebook\n// ----------------------------------------------------\nvar nodeFbAuth = nodeOauth.createHandler(\'facebook\');\n\nnodeFbAuth.initialize({\n\tapp_id: \t\tfb_data.app_id, \n\tapp_secret: \tfb_data.app_secret, \n\tbase_url: \t\tfb_data.base_url,\n\tpermissions: \tfb_data.permissions,\n\tapp: \t\t\tapp\n});\n\n// ----------------------------------------------------\n// -- Create and initialize handler for Google\n// ----------------------------------------------------\nvar nodeGoogleAuth = nodeOauth.createHandler(\'google\');\n\nnodeGoogleAuth.initialize({\n\tapp_id: \t\tgoogle_data.app_id, \n\tapp_secret: \tgoogle_data.app_secret, \n\tbase_url: \t\tgoogle_data.base_url,\n\tpermissions: \tgoogle_data.permissions,\n\tapp: \t\t\tapp\n});\n\napp.get(\'/\', function(req, res){\n\tres.json(req.session);\n});\n\napp.listen(4000);\n```\n',
59 silly publish   _id: 'nodeoauth2@0.0.1',
59 silly publish   dist: { shasum: '1b7ad3124849c203d06ae9fc5f76f1f2b5d469e4' } }
60 verbose url raw nodeoauth2
61 verbose url resolving [ 'https://registry.npmjs.org/', './nodeoauth2' ]
62 verbose url resolved https://registry.npmjs.org/nodeoauth2
63 info trying registry request attempt 1 at 17:56:08
64 http PUT https://registry.npmjs.org/nodeoauth2
65 http 409 https://registry.npmjs.org/nodeoauth2
66 verbose url raw nodeoauth2
67 verbose url resolving [ 'https://registry.npmjs.org/', './nodeoauth2' ]
68 verbose url resolved https://registry.npmjs.org/nodeoauth2
69 info trying registry request attempt 1 at 17:56:09
70 http GET https://registry.npmjs.org/nodeoauth2
71 http 200 https://registry.npmjs.org/nodeoauth2
72 error publish fail Cannot publish over existing version.
72 error publish fail Bump the 'version' field, set the --force flag, or
72 error publish fail     npm unpublish 'nodeoauth2@0.0.1'
72 error publish fail and try again
73 error System Darwin 12.3.0
74 error command "/usr/local/bin/node" "/usr/local/bin/npm" "publish"
75 error cwd /Users/seanmcgary/Code/projects/NodeOAuth2
76 error node -v v0.8.12
77 error npm -v 1.1.63
78 error code EPUBLISHCONFLICT
79 verbose exit [ 1, true ]
